<?xml version="1.0" encoding="UTF-8"?>
<testsuite name="RandomFromFileGeneratorApplicationTests" tests="1" skipped="0" failures="0" errors="0" timestamp="2023-01-12T22:37:34" hostname="OM-CGXRTHH90C" time="0.03">
  <properties/>
  <testcase name="useGenerator()" classname="RandomFromFileGeneratorApplicationTests" time="0.03"/>
  <system-out><![CDATA[Ferntree Gully
Cesilia
Hierl
Udall Street
]]></system-out>
  <system-err><![CDATA[]]></system-err>
</testsuite>
